This is pdfTeX, Version 3.141592653-2.6-1.40.22 (TeX Live 2021/W32TeX) (preloaded format=pdflatex 2021.5.27)  29 JUN 2021 06:54
entering extended mode
 restricted \write18 enabled.
 %&-line parsing enabled.
**Lectures.tex
(./Lectures.tex
LaTeX2e <2020-10-01> patch level 4
L3 programming layer <2021-02-18>
(c:/texlive/2021/texmf-dist/tex/latex/base/article.cls
Document Class: article 2020/04/10 v1.4m Standard LaTeX document class
(c:/texlive/2021/texmf-dist/tex/latex/base/size10.clo
File: size10.clo 2020/04/10 v1.4m Standard LaTeX file (size option)
)
\c@part=\count179
\c@section=\count180
\c@subsection=\count181
\c@subsubsection=\count182
\c@paragraph=\count183
\c@subparagraph=\count184
\c@figure=\count185
\c@table=\count186
\abovecaptionskip=\skip47
\belowcaptionskip=\skip48
\bibindent=\dimen138
)
(c:/texlive/2021/texmf-dist/tex/latex/mathtools/mathtools.sty
Package: mathtools 2021/03/18 v1.25 mathematical typesetting tools

(c:/texlive/2021/texmf-dist/tex/latex/graphics/keyval.sty
Package: keyval 2014/10/28 v1.15 key=value parser (DPC)
\KV@toks@=\toks15
)
(c:/texlive/2021/texmf-dist/tex/latex/tools/calc.sty
Package: calc 2017/05/25 v4.3 Infix arithmetic (KKT,FJ)
\calc@Acount=\count187
\calc@Bcount=\count188
\calc@Adimen=\dimen139
\calc@Bdimen=\dimen140
\calc@Askip=\skip49
\calc@Bskip=\skip50
LaTeX Info: Redefining \setlength on input line 80.
LaTeX Info: Redefining \addtolength on input line 81.
\calc@Ccount=\count189
\calc@Cskip=\skip51
)
(c:/texlive/2021/texmf-dist/tex/latex/mathtools/mhsetup.sty
Package: mhsetup 2021/03/18 v1.4 programming setup (MH)
)
(c:/texlive/2021/texmf-dist/tex/latex/amsmath/amsmath.sty
Package: amsmath 2020/09/23 v2.17i AMS math features
\@mathmargin=\skip52

For additional information on amsmath, use the `?' option.
(c:/texlive/2021/texmf-dist/tex/latex/amsmath/amstext.sty
Package: amstext 2000/06/29 v2.01 AMS text

(c:/texlive/2021/texmf-dist/tex/latex/amsmath/amsgen.sty
File: amsgen.sty 1999/11/30 v2.0 generic functions
\@emptytoks=\toks16
\ex@=\dimen141
))
(c:/texlive/2021/texmf-dist/tex/latex/amsmath/amsbsy.sty
Package: amsbsy 1999/11/29 v1.2d Bold Symbols
\pmbraise@=\dimen142
)
(c:/texlive/2021/texmf-dist/tex/latex/amsmath/amsopn.sty
Package: amsopn 2016/03/08 v2.02 operator names
)
\inf@bad=\count190
LaTeX Info: Redefining \frac on input line 234.
\uproot@=\count191
\leftroot@=\count192
LaTeX Info: Redefining \overline on input line 399.
\classnum@=\count193
\DOTSCASE@=\count194
LaTeX Info: Redefining \ldots on input line 496.
LaTeX Info: Redefining \dots on input line 499.
LaTeX Info: Redefining \cdots on input line 620.
\Mathstrutbox@=\box47
\strutbox@=\box48
\big@size=\dimen143
LaTeX Font Info:    Redeclaring font encoding OML on input line 743.
LaTeX Font Info:    Redeclaring font encoding OMS on input line 744.
\macc@depth=\count195
\c@MaxMatrixCols=\count196
\dotsspace@=\muskip16
\c@parentequation=\count197
\dspbrk@lvl=\count198
\tag@help=\toks17
\row@=\count199
\column@=\count266
\maxfields@=\count267
\andhelp@=\toks18
\eqnshift@=\dimen144
\alignsep@=\dimen145
\tagshift@=\dimen146
\tagwidth@=\dimen147
\totwidth@=\dimen148
\lineht@=\dimen149
\@envbody=\toks19
\multlinegap=\skip53
\multlinetaggap=\skip54
\mathdisplay@stack=\toks20
LaTeX Info: Redefining \[ on input line 2923.
LaTeX Info: Redefining \] on input line 2924.
)
LaTeX Info: Thecontrolsequence`\('isalreadyrobust on input line 130.
LaTeX Info: Thecontrolsequence`\)'isalreadyrobust on input line 130.
LaTeX Info: Thecontrolsequence`\['isalreadyrobust on input line 130.
LaTeX Info: Thecontrolsequence`\]'isalreadyrobust on input line 130.
\g_MT_multlinerow_int=\count268
\l_MT_multwidth_dim=\dimen150
\origjot=\skip55
\l_MT_shortvdotswithinadjustabove_dim=\dimen151
\l_MT_shortvdotswithinadjustbelow_dim=\dimen152
\l_MT_above_intertext_sep=\dimen153
\l_MT_below_intertext_sep=\dimen154
\l_MT_above_shortintertext_sep=\dimen155
\l_MT_below_shortintertext_sep=\dimen156
\xmathstrut@box=\box49
\xmathstrut@dim=\dimen157
)
(c:/texlive/2021/texmf-dist/tex/latex/amsfonts/amssymb.sty
Package: amssymb 2013/01/14 v3.01 AMS font symbols

(c:/texlive/2021/texmf-dist/tex/latex/amsfonts/amsfonts.sty
Package: amsfonts 2013/01/14 v3.01 Basic AMSFonts support
\symAMSa=\mathgroup4
\symAMSb=\mathgroup5
LaTeX Font Info:    Redeclaring math symbol \hbar on input line 98.
LaTeX Font Info:    Overwriting math alphabet `\mathfrak' in version `bold'
(Font)                  U/euf/m/n --> U/euf/b/n on input line 106.
))
(c:/texlive/2021/texmf-dist/tex/latex/amscls/amsthm.sty
Package: amsthm 2020/05/29 v2.20.6
\thm@style=\toks21
\thm@bodyfont=\toks22
\thm@headfont=\toks23
\thm@notefont=\toks24
\thm@headpunct=\toks25
\thm@preskip=\skip56
\thm@postskip=\skip57
\thm@headsep=\skip58
\dth@everypar=\toks26
)
(c:/texlive/2021/texmf-dist/tex/latex/l3backend/l3backend-pdftex.def
File: l3backend-pdftex.def 2021-03-18 L3 backend support: PDF output (pdfTeX)
\l__color_backend_stack_int=\count269
\l__pdf_internal_box=\box50
)
(./Lectures.aux)
\openout1 = `Lectures.aux'.

LaTeX Font Info:    Checking defaults for OML/cmm/m/it on input line 7.
LaTeX Font Info:    ... okay on input line 7.
LaTeX Font Info:    Checking defaults for OMS/cmsy/m/n on input line 7.
LaTeX Font Info:    ... okay on input line 7.
LaTeX Font Info:    Checking defaults for OT1/cmr/m/n on input line 7.
LaTeX Font Info:    ... okay on input line 7.
LaTeX Font Info:    Checking defaults for T1/cmr/m/n on input line 7.
LaTeX Font Info:    ... okay on input line 7.
LaTeX Font Info:    Checking defaults for TS1/cmr/m/n on input line 7.
LaTeX Font Info:    ... okay on input line 7.
LaTeX Font Info:    Checking defaults for OMX/cmex/m/n on input line 7.
LaTeX Font Info:    ... okay on input line 7.
LaTeX Font Info:    Checking defaults for U/cmr/m/n on input line 7.
LaTeX Font Info:    ... okay on input line 7.
 (c:/texlive/2021/texmf-dist/tex/latex/graphics/graphicx.sty
Package: graphicx 2020/09/09 v1.2b Enhanced LaTeX Graphics (DPC,SPQR)

(c:/texlive/2021/texmf-dist/tex/latex/graphics/graphics.sty
Package: graphics 2020/08/30 v1.4c Standard LaTeX Graphics (DPC,SPQR)

(c:/texlive/2021/texmf-dist/tex/latex/graphics/trig.sty
Package: trig 2016/01/03 v1.10 sin cos tan (DPC)
)
(c:/texlive/2021/texmf-dist/tex/latex/graphics-cfg/graphics.cfg
File: graphics.cfg 2016/06/04 v1.11 sample graphics configuration
)
Package graphics Info: Driver file: pdftex.def on input line 105.

(c:/texlive/2021/texmf-dist/tex/latex/graphics-def/pdftex.def
File: pdftex.def 2020/10/05 v1.2a Graphics/color driver for pdftex

(c:/texlive/2021/texmf-dist/tex/context/base/mkii/supp-pdf.mkii
[Loading MPS to PDF converter (version 2006.09.02).]
\scratchcounter=\count270
\scratchdimen=\dimen158
\scratchbox=\box51
\nofMPsegments=\count271
\nofMParguments=\count272
\everyMPshowfont=\toks27
\MPscratchCnt=\count273
\MPscratchDim=\dimen159
\MPnumerator=\count274
\makeMPintoPDFobject=\count275
\everyMPtoPDFconversion=\toks28
))) (c:/texlive/2021/texmf-dist/tex/latex/epstopdf-pkg/epstopdf-base.sty
Package: epstopdf-base 2020-01-24 v2.11 Base part for package epstopdf
Package epstopdf-base Info: Redefining graphics rule for `.eps' on input line 4
85.

(c:/texlive/2021/texmf-dist/tex/latex/latexconfig/epstopdf-sys.cfg
File: epstopdf-sys.cfg 2010/07/13 v1.3 Configuration of (r)epstopdf for TeX Liv
e
))
\Gin@req@height=\dimen160
\Gin@req@width=\dimen161
)
\c@theorem=\count276
\c@corollary=\count277

(./Lectures.toc
LaTeX Font Info:    Trying to load font information for U+msa on input line 2.
 (c:/texlive/2021/texmf-dist/tex/latex/amsfonts/umsa.fd
File: umsa.fd 2013/01/14 v3.01 AMS symbols A
)
LaTeX Font Info:    Trying to load font information for U+msb on input line 2.

(c:/texlive/2021/texmf-dist/tex/latex/amsfonts/umsb.fd
File: umsb.fd 2013/01/14 v3.01 AMS symbols B
) [1

{c:/texlive/2021/texmf-var/fonts/map/pdftex/updmap/pdftex.map}])
\tf@toc=\write3
\openout3 = `Lectures.toc'.

 [2] [3] [4] [5] [6] [7] [8]
[9]
Overfull \hbox (11.2425pt too wide) in paragraph at lines 332--333
[]$\OML/cmm/m/it/10 A \OT1/cmr/m/n/10 = \OMS/cmsy/m/n/10 f\OT1/cmr/m/n/10 (\OML
/cmm/m/it/10 H; \OT1/cmr/m/n/10 1)\OML/cmm/m/it/10 ; []  ; \OT1/cmr/m/n/10 (\OM
L/cmm/m/it/10 H; \OT1/cmr/m/n/10 6)\OMS/cmsy/m/n/10 g$\OT1/cmr/m/n/10 , $\OML/c
mm/m/it/10 B \OT1/cmr/m/n/10 = \OMS/cmsy/m/n/10 f\OT1/cmr/m/n/10 (\OML/cmm/m/it
/10 H; \OT1/cmr/m/n/10 2)\OML/cmm/m/it/10 ; \OT1/cmr/m/n/10 (\OML/cmm/m/it/10 H
; \OT1/cmr/m/n/10 4)\OML/cmm/m/it/10 ; \OT1/cmr/m/n/10 (\OML/cmm/m/it/10 H; \OT
1/cmr/m/n/10 6)\OML/cmm/m/it/10 ; \OT1/cmr/m/n/10 (\OML/cmm/m/it/10 T; \OT1/cmr
/m/n/10 2)\OML/cmm/m/it/10 ; \OT1/cmr/m/n/10 (\OML/cmm/m/it/10 T; \OT1/cmr/m/n/
10 4)\OML/cmm/m/it/10 ; \OT1/cmr/m/n/10 (\OML/cmm/m/it/10 T; \OT1/cmr/m/n/10 6)
$ 
 []


Overfull \hbox (14.41782pt too wide) in paragraph at lines 359--360
[]\OT1/cmr/m/n/10 Conditionally in-de-pe-dent events: $\OML/cmm/m/it/10 P\OT1/c
mr/m/n/10 (\OML/cmm/m/it/10 A \OMS/cmsy/m/n/10 \ \OML/cmm/m/it/10 B=C\OT1/cmr/m
/n/10 ) = \OML/cmm/m/it/10 P\OT1/cmr/m/n/10 (\OML/cmm/m/it/10 A=C\OT1/cmr/m/n/1
0 )\OML/cmm/m/it/10 P\OT1/cmr/m/n/10 (\OML/cmm/m/it/10 B=C\OT1/cmr/m/n/10 )$ & 
$\OML/cmm/m/it/10 P\OT1/cmr/m/n/10 (\OML/cmm/m/it/10 B=\OT1/cmr/m/n/10 (\OML/cm
m/m/it/10 A\OMS/cmsy/m/n/10 \\OT1/cmr/m/n/10 ))$ 
 []

[10]
Overfull \hbox (19.11504pt too wide) detected at line 385
\OML/cmm/m/it/10 P\OT1/cmr/m/n/10 (\OML/cmm/m/it/10 A[] \OMS/cmsy/m/n/10 \ \OML
/cmm/m/it/10 A[]\OT1/cmr/m/n/10 ) = \OML/cmm/m/it/10 P\OT1/cmr/m/n/10 (\OML/cmm
/m/it/10 A[]\OT1/cmr/m/n/10 )\OML/cmm/m/it/10 P\OT1/cmr/m/n/10 (\OML/cmm/m/it/1
0 A[]\OT1/cmr/m/n/10 ) \OML/cmm/m/it/10 P\OT1/cmr/m/n/10 (\OML/cmm/m/it/10 A[] 
\OMS/cmsy/m/n/10 \ \OML/cmm/m/it/10 A[]\OT1/cmr/m/n/10 ) = \OML/cmm/m/it/10 P\O
T1/cmr/m/n/10 (\OML/cmm/m/it/10 A[]\OT1/cmr/m/n/10 )\OML/cmm/m/it/10 P\OT1/cmr/
m/n/10 (\OML/cmm/m/it/10 A[]\OT1/cmr/m/n/10 ) \OML/cmm/m/it/10 P\OT1/cmr/m/n/10
 (\OML/cmm/m/it/10 A[] \OMS/cmsy/m/n/10 \ \OML/cmm/m/it/10 A[]\OT1/cmr/m/n/10 )
 = \OML/cmm/m/it/10 P\OT1/cmr/m/n/10 (\OML/cmm/m/it/10 A[]\OT1/cmr/m/n/10 )\OML
/cmm/m/it/10 P\OT1/cmr/m/n/10 (\OML/cmm/m/it/10 A[]\OT1/cmr/m/n/10 )
 []

[11]
Overfull \hbox (23.36171pt too wide) in paragraph at lines 408--409
[]$\OML/cmm/m/it/10 A[]$\OT1/cmr/m/n/10 , $\OML/cmm/m/it/10 A[]$ \OT1/cmr/m/n/1
0 & $\OML/cmm/m/it/10 A[]$ \OT1/cmr/m/n/10 are not still not in-de-pen-dent as 
$\OML/cmm/m/it/10 P\OT1/cmr/m/n/10 (\OML/cmm/m/it/10 A[] \OMS/cmsy/m/n/10 \ \OM
L/cmm/m/it/10 A[] \OMS/cmsy/m/n/10 \ \OML/cmm/m/it/10 A[]\OT1/cmr/m/n/10 ) \OMS
/cmsy/m/n/10 6\OT1/cmr/m/n/10 = \OML/cmm/m/it/10 P\OT1/cmr/m/n/10 (\OML/cmm/m/i
t/10 A[]\OT1/cmr/m/n/10 )\OML/cmm/m/it/10 P\OT1/cmr/m/n/10 (\OML/cmm/m/it/10 A[
]\OT1/cmr/m/n/10 )\OML/cmm/m/it/10 P\OT1/cmr/m/n/10 (\OML/cmm/m/it/10 A[]\OT1/c
mr/m/n/10 )$. 
 []

[12] [13] [14]
Overfull \hbox (5.017pt too wide) in paragraph at lines 527--529
[]\OT1/cmr/m/n/10 X which is not a ran-dom vari-able $\OML/cmm/m/it/10 S \OT1/c
mr/m/n/10 = \OMS/cmsy/m/n/10 f\OML/cmm/m/it/10 a; b; c\OMS/cmsy/m/n/10 g \OML/c
mm/m/it/10 ;  F \OT1/cmr/m/n/10 = \OMS/cmsy/m/n/10 f\OML/cmm/m/it/10 ^^^; \OMS/
cmsy/m/n/10 f\OML/cmm/m/it/10 a\OMS/cmsy/m/n/10 g\OML/cmm/m/it/10 ; \OMS/cmsy/m
/n/10 f\OML/cmm/m/it/10 b; c\OMS/cmsy/m/n/10 g\OML/cmm/m/it/10 ; S\OMS/cmsy/m/n
/10 g \OML/cmm/m/it/10 ;  X \OT1/cmr/m/n/10 :
 []

[15]
Overfull \hbox (5.06433pt too wide) in paragraph at lines 606--607
[]\OT1/cmr/m/n/10 Construct a de-creas-ing set of events. $\OML/cmm/m/it/10 A[]
 \OT1/cmr/m/n/10 = (\OMS/cmsy/m/n/10 ^^@1\OML/cmm/m/it/10 ; \OMS/cmsy/m/n/10 ^^
@\OML/cmm/m/it/10 i\OT1/cmr/m/n/10 ]$, $\OML/cmm/m/it/10 B[] \OT1/cmr/m/n/10 = 
\OML/cmm/m/it/10 X[]\OT1/cmr/m/n/10 (\OML/cmm/m/it/10 A[]\OT1/cmr/m/n/10 )$. 
 []

[16]
Overfull \hbox (4.99371pt too wide) in paragraph at lines 622--623
[]\OT1/cmr/m/n/10 Continuous func-tion(Approaching from ei-ther left or right):
 $[][] \OML/cmm/m/it/10 f\OT1/cmr/m/n/10 (\OML/cmm/m/it/10 x\OT1/cmr/m/n/10 ) =

 []

[17] [18] [19] [20]
LaTeX Font Info:    Trying to load font information for U+euf on input line 834
.
 (c:/texlive/2021/texmf-dist/tex/latex/amsfonts/ueuf.fd
File: ueuf.fd 2013/01/14 v3.01 Euler Fraktur
)
[21]
Overfull \hbox (1.43788pt too wide) detected at line 864
\OML/cmm/m/it/10 P[]\OT1/cmr/m/n/10 (0) = \OML/cmm/m/it/10 P\OT1/cmr/m/n/10 (\O
ML/cmm/m/it/10 Y \OT1/cmr/m/n/10 = 0) = \OML/cmm/m/it/10 P\OT1/cmr/m/n/10 (\OML
/cmm/m/it/10 X[]\OT1/cmr/m/n/10 4 = 0) = \OML/cmm/m/it/10 P\OT1/cmr/m/n/10 (\OM
S/cmsy/m/n/10 f\OT1/cmr/m/n/10 4\OML/cmm/m/it/10 ; \OT1/cmr/m/n/10 8\OML/cmm/m/
it/10 ; [] \OMS/cmsy/m/n/10 g\OT1/cmr/m/n/10 ) = [] \OML/cmm/m/it/10 P[]\OT1/cm
r/m/n/10 (\OML/cmm/m/it/10 x\OT1/cmr/m/n/10 )
 []

[22] [23] [24] [25] [26] [27]

Package amsmath Warning: Foreign command \atopwithdelims;
(amsmath)                \frac or \genfrac should be used instead
(amsmath)                 on input line 1147.

[28] [29]
Overfull \hbox (2.084pt too wide) in paragraph at lines 1205--1206
[]\OT1/cmr/m/n/10 Experiment: Mea-sur-ing volt-ages, quan-ti-za-tion er-ror (or
ig-i-nal sig-nal - quan-
 []

[30] [31] [32]
Underfull \hbox (badness 10000) in paragraph at lines 1335--1337

 []

[33]
Underfull \hbox (badness 10000) in paragraph at lines 1352--1354

 []


Underfull \hbox (badness 10000) in paragraph at lines 1359--1360

 []


Overfull \hbox (80.43005pt too wide) detected at line 1374
\OML/cmm/m/it/10 P\OT1/cmr/m/n/10 (\OML/cmm/m/it/10 x < X \OMS/cmsy/m/n/10 ^^T 
\OML/cmm/m/it/10 x \OT1/cmr/m/n/10 + ^^A\OML/cmm/m/it/10 x=y < Y \OMS/cmsy/m/n/
10 ^^T \OML/cmm/m/it/10 y \OT1/cmr/m/n/10 + ^^A\OML/cmm/m/it/10 y\OT1/cmr/m/n/1
0 ) = []
 []

[34]
Overfull \hbox (15.33746pt too wide) in paragraph at lines 1414--1416
[]\OT1/cmr/m/n/10 If both $\OML/cmm/m/it/10 X$ \OT1/cmr/m/n/10 & $\OML/cmm/m/it
/10 Y$ \OT1/cmr/m/n/10 are dis-crete and in-de-pe-dent, show that $\OML/cmm/m/i
t/10 F[]\OT1/cmr/m/n/10 (\OML/cmm/m/it/10 x; y\OT1/cmr/m/n/10 ) = \OML/cmm/m/it
/10 F[]\OT1/cmr/m/n/10 (\OML/cmm/m/it/10 x\OT1/cmr/m/n/10 )\OML/cmm/m/it/10 F[]
\OT1/cmr/m/n/10 (\OML/cmm/m/it/10 y\OT1/cmr/m/n/10 )$. 
 []

[35] [36] (./Lectures.aux) ) 
Here is how much of TeX's memory you used:
 3011 strings out of 478994
 41889 string characters out of 5862207
 344537 words of memory out of 5000000
 20472 multiletter control sequences out of 15000+600000
 413091 words of font info for 65 fonts, out of 8000000 for 9000
 1141 hyphenation exceptions out of 8191
 81i,13n,88p,331b,340s stack positions out of 5000i,500n,10000p,200000b,80000s
{c:/texlive/2021/texmf-dist/fonts/enc/dvips/cm-supe
r/cm-super-ts1.enc}<c:/texlive/2021/texmf-dist/fonts/type1/public/amsfonts/cm/c
mbx10.pfb><c:/texlive/2021/texmf-dist/fonts/type1/public/amsfonts/cm/cmbx12.pfb
><c:/texlive/2021/texmf-dist/fonts/type1/public/amsfonts/cm/cmex10.pfb><c:/texl
ive/2021/texmf-dist/fonts/type1/public/amsfonts/cm/cmmi10.pfb><c:/texlive/2021/
texmf-dist/fonts/type1/public/amsfonts/cm/cmmi12.pfb><c:/texlive/2021/texmf-dis
t/fonts/type1/public/amsfonts/cm/cmmi5.pfb><c:/texlive/2021/texmf-dist/fonts/ty
pe1/public/amsfonts/cm/cmmi7.pfb><c:/texlive/2021/texmf-dist/fonts/type1/public
/amsfonts/cm/cmr10.pfb><c:/texlive/2021/texmf-dist/fonts/type1/public/amsfonts/
cm/cmr12.pfb><c:/texlive/2021/texmf-dist/fonts/type1/public/amsfonts/cm/cmr5.pf
b><c:/texlive/2021/texmf-dist/fonts/type1/public/amsfonts/cm/cmr7.pfb><c:/texli
ve/2021/texmf-dist/fonts/type1/public/amsfonts/cm/cmsy10.pfb><c:/texlive/2021/t
exmf-dist/fonts/type1/public/amsfonts/cm/cmsy5.pfb><c:/texlive/2021/texmf-dist/
fonts/type1/public/amsfonts/cm/cmsy7.pfb><c:/texlive/2021/texmf-dist/fonts/type
1/public/amsfonts/cm/cmti10.pfb><c:/texlive/2021/texmf-dist/fonts/type1/public/
amsfonts/euler/eufm10.pfb><c:/texlive/2021/texmf-dist/fonts/type1/public/amsfon
ts/symbols/msbm10.pfb><c:/texlive/2021/texmf-dist/fonts/type1/public/cm-super/s
frm1000.pfb>
Output written on Lectures.pdf (36 pages, 272696 bytes).
PDF statistics:
 193 PDF objects out of 1000 (max. 8388607)
 135 compressed objects within 2 object streams
 0 named destinations out of 1000 (max. 500000)
 1 words of extra memory for PDF output out of 10000 (max. 10000000)

